2024-09-23 12:17:12,668 [Worker-0: Loading available Gradle versions] INFO  o.e.b.c.i.u.g.PublishedGradleVersions - Gradle version information cache is up-to-date. Trying to read.
2024-09-23 12:18:43,394 [Worker-16: Updating Maven Dependencies] INFO  o.e.m.c.i.l.LifecycleMappingFactory - Using org.eclipse.m2e.jdt.JarLifecycleMapping lifecycle mapping for MavenProject: DragonFlyTest:OG-Innovation:0.0.1-SNAPSHOT @ D:\Rakesh\DFT\OG-Innovations\pom.xml.
2024-09-23 12:18:47,756 [Worker-5: Building] INFO  o.e.m.c.i.l.LifecycleMappingFactory - Using org.eclipse.m2e.jdt.JarLifecycleMapping lifecycle mapping for MavenProject: DragonFlyTest:OG-Innovation:0.0.1-SNAPSHOT @ D:\Rakesh\DFT\OG-Innovations\pom.xml.
2024-09-23 12:19:03,094 [Worker-16: Updating Maven Dependencies] WARN  o.e.m.c.i.embedder.EclipseLogger - The artifact mysql:mysql-connector-java:jar:8.0.31 has been relocated to com.mysql:mysql-connector-j:jar:8.0.31: MySQL Connector/J artifacts moved to reverse-DNS compliant Maven 2+ coordinates.
2024-09-23 12:19:03,100 [Worker-5: Building] WARN  o.e.m.c.i.embedder.EclipseLogger - The artifact mysql:mysql-connector-java:jar:8.0.31 has been relocated to com.mysql:mysql-connector-j:jar:8.0.31: MySQL Connector/J artifacts moved to reverse-DNS compliant Maven 2+ coordinates.
2024-09-23 12:19:10,703 [Worker-5: Building] INFO  o.a.m.s.f.DefaultMavenResourcesFiltering - skip non existing resourceDirectory D:\Rakesh\DFT\OG-Innovations\src\main\resources
2024-09-23 12:19:10,722 [Worker-5: Building] INFO  o.a.m.s.f.DefaultMavenResourcesFiltering - Copying 939 resources from src\test\resources to target\test-classes
2024-09-23 12:19:13,897 [Worker-5: Building] WARN  o.a.m.l.i.DefaultMojoExecutionConfigurator - [1;33mParameter '[0;1;33mclassifier[0;1;33m' is unknown for plugin '[0;1;33mmaven-surefire-plugin[0;1;33m:[0;1;33m2.22.0[0;1;33m:[0;1;33mtest[0;1;33m ([0;1;33mdefault-test[0;1;33m)[0;1;33m'[m
2024-09-23 12:19:16,271 [Worker-16: Updating Maven Dependencies] WARN  o.e.m.c.i.markers.MarkerUtils - Could not find OSGI service for org.eclipse.m2e.core.internal.markers.IEditorMarkerService
2024-09-23 12:19:16,450 [Worker-16: Updating Maven Dependencies] INFO  o.e.m.c.i.l.LifecycleMappingFactory - Using org.eclipse.m2e.jdt.JarLifecycleMapping lifecycle mapping for MavenProject: DragonFlyTest:OG-Innovation:0.0.1-SNAPSHOT @ D:\Rakesh\DFT\OG-Innovations\pom.xml.
2024-09-23 12:19:18,256 [Worker-16: Updating Maven Dependencies] WARN  o.e.m.c.i.embedder.EclipseLogger - The artifact mysql:mysql-connector-java:jar:8.0.31 has been relocated to com.mysql:mysql-connector-j:jar:8.0.31: MySQL Connector/J artifacts moved to reverse-DNS compliant Maven 2+ coordinates.
2024-09-23 12:19:28,375 [Worker-1: Loading available Gradle versions] INFO  o.e.b.c.i.u.g.PublishedGradleVersions - Gradle version information cache is up-to-date. Trying to read.
2024-09-23 12:20:25,606 [Worker-0: Loading available Gradle versions] INFO  o.e.b.c.i.u.g.PublishedGradleVersions - Gradle version information cache is up-to-date. Trying to read.
2024-09-23 12:21:48,608 [Worker-0: Loading available Gradle versions] INFO  o.e.b.c.i.u.g.PublishedGradleVersions - Gradle version information cache is up-to-date. Trying to read.
2024-09-23 12:24:13,303 [Worker-3: Loading available Gradle versions] INFO  o.e.b.c.i.u.g.PublishedGradleVersions - Gradle version information cache is up-to-date. Trying to read.
2024-09-23 12:24:25,421 [Worker-8: Updating Maven Project] INFO  o.e.m.c.i.p.ProjectConfigurationManager - Update started
2024-09-23 12:24:26,275 [Worker-8: Updating Maven Project] INFO  o.e.m.c.i.l.LifecycleMappingFactory - Using org.eclipse.m2e.jdt.JarLifecycleMapping lifecycle mapping for MavenProject: DragonFlyTest:OG-Innovation:0.0.1-SNAPSHOT @ D:\Rakesh\DFT\OG-Innovations\pom.xml.
2024-09-23 12:24:28,891 [Worker-8: Updating Maven Project] WARN  o.e.m.c.i.embedder.EclipseLogger - The artifact mysql:mysql-connector-java:jar:8.0.31 has been relocated to com.mysql:mysql-connector-j:jar:8.0.31: MySQL Connector/J artifacts moved to reverse-DNS compliant Maven 2+ coordinates.
2024-09-23 12:24:29,757 [Worker-8: Updating Maven Project] INFO  o.e.m.j.i.AbstractJavaProjectConfigurator - Adding source folder /OG-Innovation/src/main/java
2024-09-23 12:24:29,759 [Worker-8: Updating Maven Project] INFO  o.e.m.j.i.AbstractJavaProjectConfigurator - Adding resource folder /OG-Innovation/src/main/resources
2024-09-23 12:24:29,761 [Worker-8: Updating Maven Project] INFO  o.e.m.j.i.AbstractJavaProjectConfigurator - Adding source folder /OG-Innovation/src/test/java
2024-09-23 12:24:29,761 [Worker-8: Updating Maven Project] INFO  o.e.m.j.i.AbstractJavaProjectConfigurator - Adding resource folder /OG-Innovation/src/test/resources
2024-09-23 12:24:31,227 [Worker-8: Updating Maven Project] INFO  o.e.m.c.i.p.ProjectConfigurationManager - Update completed for 1 poms: local refresh takes 0.00 sec, refresh facades takes 3.00 sec, update config takes 0.00 sec 
2024-09-23 12:25:10,914 [Worker-4: Building] INFO  o.a.m.s.f.DefaultMavenResourcesFiltering - skip non existing resourceDirectory D:\Rakesh\DFT\OG-Innovations\src\main\resources
2024-09-23 12:25:10,962 [Worker-4: Building] INFO  o.a.m.s.f.DefaultMavenResourcesFiltering - Copying 939 resources from src\test\resources to target\test-classes
2024-09-23 12:25:13,567 [Worker-4: Building] WARN  o.a.m.l.i.DefaultMojoExecutionConfigurator - [1;33mParameter '[0;1;33mclassifier[0;1;33m' is unknown for plugin '[0;1;33mmaven-surefire-plugin[0;1;33m:[0;1;33m2.22.0[0;1;33m:[0;1;33mtest[0;1;33m ([0;1;33mdefault-test[0;1;33m)[0;1;33m'[m
